<?xml version="1.0" encoding="UTF-8"?>
<!-- Generated by org.testng.reporters.JUnitReportReporter -->
<testsuite hostname="zervvo8" failures="0" tests="7" name="com.openmrs.tests.LoginTest" time="144.528" errors="1" timestamp="2025-07-08T11:10:59 IST" skipped="0">
  <testcase classname="com.openmrs.tests.LoginTest" name="TC_04_Upload_Capture_Vitals_and_Verify_Patient_Height_Weights" time="33.372"/>
  <testcase classname="com.openmrs.tests.LoginTest" name="TC_05_Merge_Visits_Add_Past_Visit_Verify_DatePicker_Disables_Future_Dates" time="25.388"/>
  <testcase classname="com.openmrs.tests.LoginTest" name="TC_01_verify_the_Login" time="7.538"/>
  <testcase classname="com.openmrs.tests.LoginTest" name="TC_02_verify_the_New_Register_Patient" time="19.921"/>
  <testcase classname="com.openmrs.tests.LoginTest" name="TC_06_Verify_Complete_Removal_Of_Deleted_Patient_Data" time="20.822"/>
  <testcase classname="com.openmrs.tests.LoginTest" name="TC_03_Upload_Attachment_and_Verify_Patient_Documents" time="37.486"/>
  <testcase classname="com.openmrs.tests.LoginTest" name="deleteAccount" time="0.001">
    <error message="Cannot invoke &quot;org.openqa.selenium.WebDriver.quit()&quot; because the return value of &quot;com.openmrs.basetest.BaseTest.getDriver()&quot; is null" type="java.lang.NullPointerException">
      <![CDATA[java.lang.NullPointerException: Cannot invoke "org.openqa.selenium.WebDriver.quit()" because the return value of "com.openmrs.basetest.BaseTest.getDriver()" is null
at com.openmrs.basetest.BaseTest.deleteAccount(BaseTest.java:197)
at java.base/jdk.internal.reflect.DirectMethodHandleAccessor.invoke(DirectMethodHandleAccessor.java:103)
at java.base/java.lang.reflect.Method.invoke(Method.java:580)
at org.testng.internal.invokers.MethodInvocationHelper.invokeMethod(MethodInvocationHelper.java:141)
at org.testng.internal.invokers.MethodInvocationHelper.invokeMethodConsideringTimeout(MethodInvocationHelper.java:71)
at org.testng.internal.invokers.ConfigInvoker.invokeConfigurationMethod(ConfigInvoker.java:400)
at org.testng.internal.invokers.ConfigInvoker.invokeConfigurations(ConfigInvoker.java:333)
at org.testng.SuiteRunner.privateRun(SuiteRunner.java:386)
at org.testng.SuiteRunner.run(SuiteRunner.java:312)
at org.testng.SuiteRunnerWorker.runSuite(SuiteRunnerWorker.java:52)
at org.testng.SuiteRunnerWorker.run(SuiteRunnerWorker.java:95)
at org.testng.TestNG.runSuitesSequentially(TestNG.java:1274)
at org.testng.TestNG.runSuitesLocally(TestNG.java:1208)
at org.testng.TestNG.runSuites(TestNG.java:1112)
at org.testng.TestNG.run(TestNG.java:1079)
at org.testng.remote.AbstractRemoteTestNG.run(AbstractRemoteTestNG.java:115)
at org.testng.remote.RemoteTestNG.initAndRun(RemoteTestNG.java:293)
at org.testng.remote.RemoteTestNG.main(RemoteTestNG.java:91)
]]>
    </error>
  </testcase> <!-- deleteAccount -->
</testsuite> <!-- com.openmrs.tests.LoginTest -->
