<?xml version="1.0" encoding="UTF-8"?>
<!-- Generated by org.testng.reporters.JUnitReportReporter -->
<testsuite hostname="zervvo8" failures="0" tests="1" name="com.openmrs.Login.LoginTest" time="17.562" errors="0" timestamp="2025-07-04T16:06:48 IST" skipped="0">
  <testcase classname="com.openmrs.Login.LoginTest" name="TC_002_verify_the_New_Register_Patient" time="17.562"/>
</testsuite> <!-- com.openmrs.Login.LoginTest -->
